<?xml version="1.0" encoding="UTF-8"?>
<!-- Generated by org.testng.reporters.JUnitReportReporter -->
<testsuite skipped="0" hostname="DESKTOP-8DPOG4F" name="com.amazon.tests.HamburgerMenu" tests="1" failures="0" timestamp="2022-02-10T11:46:42 IST" time="23.749" errors="0">
  <testcase name="testHamburgerMenu" time="23.749" classname="com.amazon.tests.HamburgerMenu"/>
  <system-out/>
</testsuite> <!-- com.amazon.tests.HamburgerMenu -->
